{"/Users/balaguera/code-projects/challenges-and-tests/toy-robot-react-ts/src/components/Button.tsx": {"path":"/Users/balaguera/code-projects/challenges-and-tests/toy-robot-react-ts/src/components/Button.tsx","statementMap":{"0":{"start":{"line":12,"column":34},"end":{"line":12,"column":39}},"1":{"start":{"line":13,"column":2},"end":{"line":17,"column":3}}},"fnMap":{"0":{"name":"Button","decl":{"start":{"line":11,"column":24},"end":{"line":11,"column":30}},"loc":{"start":{"line":11,"column":51},"end":{"line":18,"column":1}},"line":11}},"branchMap":{},"s":{"0":36,"1":36},"f":{"0":36},"b":{},"_coverageSchema":"1a1c01bbd47fc00a2c39e90264f33305004495a9","hash":"3ddcbf13ee5a4cfc3884e010b8c3fef6aeded08b"}
,"/Users/balaguera/code-projects/challenges-and-tests/toy-robot-react-ts/src/components/Form.tsx": {"path":"/Users/balaguera/code-projects/challenges-and-tests/toy-robot-react-ts/src/components/Form.tsx","statementMap":{"0":{"start":{"line":16,"column":23},"end":{"line":16,"column":61}},"1":{"start":{"line":16,"column":50},"end":{"line":16,"column":60}},"2":{"start":{"line":18,"column":32},"end":{"line":18,"column":44}},"3":{"start":{"line":20,"column":19},"end":{"line":20,"column":36}},"4":{"start":{"line":22,"column":25},"end":{"line":22,"column":78}},"5":{"start":{"line":22,"column":52},"end":{"line":22,"column":77}},"6":{"start":{"line":23,"column":25},"end":{"line":23,"column":73}},"7":{"start":{"line":25,"column":2},"end":{"line":33,"column":48}},"8":{"start":{"line":26,"column":4},"end":{"line":32,"column":5}},"9":{"start":{"line":27,"column":6},"end":{"line":31,"column":7}},"10":{"start":{"line":36,"column":4},"end":{"line":36,"column":26}},"11":{"start":{"line":38,"column":4},"end":{"line":38,"column":30}},"12":{"start":{"line":39,"column":21},"end":{"line":39,"column":54}},"13":{"start":{"line":40,"column":17},"end":{"line":40,"column":45}},"14":{"start":{"line":41,"column":21},"end":{"line":41,"column":47}},"15":{"start":{"line":43,"column":4},"end":{"line":43,"column":44}},"16":{"start":{"line":45,"column":4},"end":{"line":45,"column":18}},"17":{"start":{"line":48,"column":2},"end":{"line":63,"column":3}},"18":{"start":{"line":57,"column":27},"end":{"line":57,"column":53}}},"fnMap":{"0":{"name":"Form","decl":{"start":{"line":15,"column":24},"end":{"line":15,"column":28}},"loc":{"start":{"line":15,"column":31},"end":{"line":64,"column":1}},"line":15},"1":{"name":"(anonymous_1)","decl":{"start":{"line":16,"column":39},"end":{"line":16,"column":40}},"loc":{"start":{"line":16,"column":50},"end":{"line":16,"column":60}},"line":16},"2":{"name":"(anonymous_2)","decl":{"start":{"line":22,"column":41},"end":{"line":22,"column":42}},"loc":{"start":{"line":22,"column":52},"end":{"line":22,"column":77}},"line":22},"3":{"name":"(anonymous_3)","decl":{"start":{"line":25,"column":12},"end":{"line":25,"column":13}},"loc":{"start":{"line":25,"column":18},"end":{"line":33,"column":3}},"line":25},"4":{"name":"handleSubmit","decl":{"start":{"line":35,"column":11},"end":{"line":35,"column":23}},"loc":{"start":{"line":35,"column":59},"end":{"line":46,"column":3}},"line":35},"5":{"name":"(anonymous_5)","decl":{"start":{"line":57,"column":20},"end":{"line":57,"column":21}},"loc":{"start":{"line":57,"column":27},"end":{"line":57,"column":53}},"line":57}},"branchMap":{"0":{"loc":{"start":{"line":26,"column":4},"end":{"line":32,"column":5}},"type":"if","locations":[{"start":{"line":26,"column":4},"end":{"line":32,"column":5}},{"start":{},"end":{}}],"line":26}},"s":{"0":36,"1":58,"2":36,"3":36,"4":36,"5":58,"6":36,"7":36,"8":5,"9":0,"10":17,"11":17,"12":17,"13":17,"14":17,"15":17,"16":17,"17":36,"18":17},"f":{"0":36,"1":58,"2":58,"3":5,"4":17,"5":17},"b":{"0":[0,5]},"_coverageSchema":"1a1c01bbd47fc00a2c39e90264f33305004495a9","hash":"0aede4a8d56f066f6095dc115b510aaae637c58e"}
,"/Users/balaguera/code-projects/challenges-and-tests/toy-robot-react-ts/src/components/Input.tsx": {"path":"/Users/balaguera/code-projects/challenges-and-tests/toy-robot-react-ts/src/components/Input.tsx","statementMap":{"0":{"start":{"line":10,"column":2},"end":{"line":14,"column":3}}},"fnMap":{"0":{"name":"Input","decl":{"start":{"line":9,"column":24},"end":{"line":9,"column":29}},"loc":{"start":{"line":9,"column":60},"end":{"line":15,"column":1}},"line":9}},"branchMap":{},"s":{"0":36},"f":{"0":36},"b":{},"_coverageSchema":"1a1c01bbd47fc00a2c39e90264f33305004495a9","hash":"ea5b52fb3a2f3861e8ecf4ad681a3dd6bebd34a3"}
,"/Users/balaguera/code-projects/challenges-and-tests/toy-robot-react-ts/src/store/game-slice.ts": {"path":"/Users/balaguera/code-projects/challenges-and-tests/toy-robot-react-ts/src/store/game-slice.ts","statementMap":{"0":{"start":{"line":40,"column":27},"end":{"line":49,"column":1}},"1":{"start":{"line":51,"column":25},"end":{"line":72,"column":2}},"2":{"start":{"line":83,"column":4},"end":{"line":83,"column":21}}},"fnMap":{},"branchMap":{},"s":{"0":1,"1":1,"2":1},"f":{},"b":{},"_coverageSchema":"1a1c01bbd47fc00a2c39e90264f33305004495a9","hash":"b49ae11affa96d8379bcb9b667de3a6542866b57"}
,"/Users/balaguera/code-projects/challenges-and-tests/toy-robot-react-ts/src/store/hooks.ts": {"path":"/Users/balaguera/code-projects/challenges-and-tests/toy-robot-react-ts/src/store/hooks.ts","statementMap":{"0":{"start":{"line":12,"column":49},"end":{"line":12,"column":60}},"1":{"start":{"line":14,"column":64},"end":{"line":14,"column":75}}},"fnMap":{},"branchMap":{},"s":{"0":1,"1":1},"f":{},"b":{},"_coverageSchema":"1a1c01bbd47fc00a2c39e90264f33305004495a9","hash":"2679e4bb849664eed383ee64a6bf165c5f40f0a9"}
,"/Users/balaguera/code-projects/challenges-and-tests/toy-robot-react-ts/src/store/reducers.ts": {"path":"/Users/balaguera/code-projects/challenges-and-tests/toy-robot-react-ts/src/store/reducers.ts","statementMap":{"0":{"start":{"line":16,"column":22},"end":{"line":19,"column":3}},"1":{"start":{"line":20,"column":25},"end":{"line":23,"column":3}},"2":{"start":{"line":24,"column":2},"end":{"line":51,"column":3}},"3":{"start":{"line":25,"column":4},"end":{"line":25,"column":35}},"4":{"start":{"line":26,"column":9},"end":{"line":51,"column":3}},"5":{"start":{"line":32,"column":4},"end":{"line":33,"column":77}},"6":{"start":{"line":34,"column":9},"end":{"line":51,"column":3}},"7":{"start":{"line":35,"column":4},"end":{"line":35,"column":44}},"8":{"start":{"line":36,"column":9},"end":{"line":51,"column":3}},"9":{"start":{"line":42,"column":4},"end":{"line":48,"column":5}},"10":{"start":{"line":50,"column":4},"end":{"line":50,"column":50}},"11":{"start":{"line":62,"column":22},"end":{"line":65,"column":3}},"12":{"start":{"line":66,"column":25},"end":{"line":69,"column":3}},"13":{"start":{"line":70,"column":2},"end":{"line":90,"column":3}},"14":{"start":{"line":71,"column":4},"end":{"line":71,"column":35}},"15":{"start":{"line":72,"column":9},"end":{"line":90,"column":3}},"16":{"start":{"line":76,"column":4},"end":{"line":76,"column":51}},"17":{"start":{"line":77,"column":9},"end":{"line":90,"column":3}},"18":{"start":{"line":83,"column":4},"end":{"line":84,"column":77}},"19":{"start":{"line":86,"column":4},"end":{"line":89,"column":6}},"20":{"start":{"line":95,"column":2},"end":{"line":97,"column":3}},"21":{"start":{"line":96,"column":4},"end":{"line":96,"column":47}},"22":{"start":{"line":98,"column":2},"end":{"line":113,"column":3}},"23":{"start":{"line":100,"column":6},"end":{"line":100,"column":30}},"24":{"start":{"line":101,"column":6},"end":{"line":101,"column":11}},"25":{"start":{"line":103,"column":6},"end":{"line":103,"column":31}},"26":{"start":{"line":104,"column":6},"end":{"line":104,"column":11}},"27":{"start":{"line":106,"column":6},"end":{"line":106,"column":30}},"28":{"start":{"line":107,"column":6},"end":{"line":107,"column":11}},"29":{"start":{"line":109,"column":6},"end":{"line":109,"column":31}},"30":{"start":{"line":110,"column":6},"end":{"line":110,"column":11}},"31":{"start":{"line":112,"column":6},"end":{"line":112,"column":12}},"32":{"start":{"line":117,"column":2},"end":{"line":119,"column":3}},"33":{"start":{"line":118,"column":4},"end":{"line":118,"column":47}},"34":{"start":{"line":120,"column":2},"end":{"line":135,"column":3}},"35":{"start":{"line":122,"column":6},"end":{"line":122,"column":30}},"36":{"start":{"line":123,"column":6},"end":{"line":123,"column":11}},"37":{"start":{"line":125,"column":6},"end":{"line":125,"column":31}},"38":{"start":{"line":126,"column":6},"end":{"line":126,"column":11}},"39":{"start":{"line":128,"column":6},"end":{"line":128,"column":30}},"40":{"start":{"line":129,"column":6},"end":{"line":129,"column":11}},"41":{"start":{"line":131,"column":6},"end":{"line":131,"column":31}},"42":{"start":{"line":132,"column":6},"end":{"line":132,"column":11}},"43":{"start":{"line":134,"column":6},"end":{"line":134,"column":12}},"44":{"start":{"line":144,"column":2},"end":{"line":257,"column":15}},"45":{"start":{"line":145,"column":4},"end":{"line":145,"column":47}},"46":{"start":{"line":146,"column":9},"end":{"line":257,"column":15}},"47":{"start":{"line":147,"column":4},"end":{"line":256,"column":5}},"48":{"start":{"line":149,"column":8},"end":{"line":149,"column":28}},"49":{"start":{"line":151,"column":8},"end":{"line":173,"column":9}},"50":{"start":{"line":152,"column":10},"end":{"line":152,"column":44}},"51":{"start":{"line":153,"column":10},"end":{"line":156,"column":11}},"52":{"start":{"line":157,"column":10},"end":{"line":160,"column":11}},"53":{"start":{"line":158,"column":12},"end":{"line":158,"column":43}},"54":{"start":{"line":159,"column":12},"end":{"line":159,"column":18}},"55":{"start":{"line":161,"column":10},"end":{"line":161,"column":29}},"56":{"start":{"line":163,"column":10},"end":{"line":163,"column":62}},"57":{"start":{"line":164,"column":10},"end":{"line":167,"column":11}},"58":{"start":{"line":168,"column":10},"end":{"line":171,"column":11}},"59":{"start":{"line":169,"column":12},"end":{"line":169,"column":43}},"60":{"start":{"line":170,"column":12},"end":{"line":170,"column":18}},"61":{"start":{"line":172,"column":10},"end":{"line":172,"column":27}},"62":{"start":{"line":174,"column":8},"end":{"line":174,"column":13}},"63":{"start":{"line":176,"column":8},"end":{"line":176,"column":27}},"64":{"start":{"line":178,"column":10},"end":{"line":200,"column":11}},"65":{"start":{"line":179,"column":12},"end":{"line":179,"column":46}},"66":{"start":{"line":180,"column":12},"end":{"line":183,"column":13}},"67":{"start":{"line":184,"column":12},"end":{"line":187,"column":13}},"68":{"start":{"line":185,"column":14},"end":{"line":185,"column":45}},"69":{"start":{"line":186,"column":14},"end":{"line":186,"column":20}},"70":{"start":{"line":188,"column":12},"end":{"line":188,"column":31}},"71":{"start":{"line":190,"column":12},"end":{"line":190,"column":64}},"72":{"start":{"line":191,"column":12},"end":{"line":194,"column":13}},"73":{"start":{"line":195,"column":12},"end":{"line":198,"column":13}},"74":{"start":{"line":196,"column":14},"end":{"line":196,"column":45}},"75":{"start":{"line":197,"column":14},"end":{"line":197,"column":20}},"76":{"start":{"line":199,"column":12},"end":{"line":199,"column":29}},"77":{"start":{"line":202,"column":8},"end":{"line":202,"column":13}},"78":{"start":{"line":204,"column":8},"end":{"line":204,"column":28}},"79":{"start":{"line":205,"column":8},"end":{"line":227,"column":9}},"80":{"start":{"line":206,"column":10},"end":{"line":206,"column":44}},"81":{"start":{"line":207,"column":10},"end":{"line":210,"column":11}},"82":{"start":{"line":211,"column":10},"end":{"line":214,"column":11}},"83":{"start":{"line":212,"column":12},"end":{"line":212,"column":43}},"84":{"start":{"line":213,"column":12},"end":{"line":213,"column":18}},"85":{"start":{"line":215,"column":10},"end":{"line":215,"column":29}},"86":{"start":{"line":217,"column":10},"end":{"line":217,"column":62}},"87":{"start":{"line":218,"column":10},"end":{"line":221,"column":11}},"88":{"start":{"line":222,"column":10},"end":{"line":225,"column":11}},"89":{"start":{"line":223,"column":12},"end":{"line":223,"column":43}},"90":{"start":{"line":224,"column":12},"end":{"line":224,"column":18}},"91":{"start":{"line":226,"column":10},"end":{"line":226,"column":27}},"92":{"start":{"line":229,"column":8},"end":{"line":229,"column":13}},"93":{"start":{"line":231,"column":8},"end":{"line":231,"column":27}},"94":{"start":{"line":232,"column":8},"end":{"line":254,"column":9}},"95":{"start":{"line":233,"column":10},"end":{"line":233,"column":44}},"96":{"start":{"line":234,"column":10},"end":{"line":237,"column":11}},"97":{"start":{"line":238,"column":10},"end":{"line":241,"column":11}},"98":{"start":{"line":239,"column":12},"end":{"line":239,"column":43}},"99":{"start":{"line":240,"column":12},"end":{"line":240,"column":18}},"100":{"start":{"line":242,"column":10},"end":{"line":242,"column":29}},"101":{"start":{"line":244,"column":10},"end":{"line":244,"column":62}},"102":{"start":{"line":245,"column":10},"end":{"line":248,"column":11}},"103":{"start":{"line":249,"column":10},"end":{"line":252,"column":11}},"104":{"start":{"line":250,"column":12},"end":{"line":250,"column":43}},"105":{"start":{"line":251,"column":12},"end":{"line":251,"column":18}},"106":{"start":{"line":253,"column":10},"end":{"line":253,"column":27}},"107":{"start":{"line":255,"column":8},"end":{"line":255,"column":13}},"108":{"start":{"line":257,"column":9},"end":{"line":257,"column":15}},"109":{"start":{"line":261,"column":2},"end":{"line":261,"column":29}},"110":{"start":{"line":261,"column":23},"end":{"line":261,"column":29}},"111":{"start":{"line":262,"column":2},"end":{"line":262,"column":76}},"112":{"start":{"line":262,"column":70},"end":{"line":262,"column":76}},"113":{"start":{"line":264,"column":2},"end":{"line":264,"column":76}},"114":{"start":{"line":279,"column":2},"end":{"line":279,"column":29}},"115":{"start":{"line":280,"column":2},"end":{"line":280,"column":29}},"116":{"start":{"line":281,"column":2},"end":{"line":281,"column":29}},"117":{"start":{"line":282,"column":2},"end":{"line":282,"column":24}},"118":{"start":{"line":283,"column":2},"end":{"line":283,"column":25}},"119":{"start":{"line":284,"column":2},"end":{"line":284,"column":27}},"120":{"start":{"line":285,"column":2},"end":{"line":285,"column":24}},"121":{"start":{"line":289,"column":2},"end":{"line":289,"column":30}}},"fnMap":{"0":{"name":"placeRobotOnBoard","decl":{"start":{"line":7,"column":9},"end":{"line":7,"column":26}},"loc":{"start":{"line":15,"column":2},"end":{"line":52,"column":1}},"line":15},"1":{"name":"placeWallOnBoard","decl":{"start":{"line":55,"column":9},"end":{"line":55,"column":25}},"loc":{"start":{"line":61,"column":2},"end":{"line":91,"column":1}},"line":61},"2":{"name":"turnRobotLeft","decl":{"start":{"line":94,"column":9},"end":{"line":94,"column":22}},"loc":{"start":{"line":94,"column":36},"end":{"line":114,"column":1}},"line":94},"3":{"name":"turnRobotRight","decl":{"start":{"line":116,"column":9},"end":{"line":116,"column":23}},"loc":{"start":{"line":116,"column":37},"end":{"line":136,"column":1}},"line":116},"4":{"name":"moveRobot","decl":{"start":{"line":139,"column":9},"end":{"line":139,"column":18}},"loc":{"start":{"line":139,"column":32},"end":{"line":258,"column":1}},"line":139},"5":{"name":"reportRobot","decl":{"start":{"line":260,"column":9},"end":{"line":260,"column":20}},"loc":{"start":{"line":260,"column":34},"end":{"line":275,"column":1}},"line":260},"6":{"name":"resetRobotGame","decl":{"start":{"line":278,"column":9},"end":{"line":278,"column":23}},"loc":{"start":{"line":278,"column":37},"end":{"line":286,"column":1}},"line":278},"7":{"name":"addErrorMessage","decl":{"start":{"line":288,"column":9},"end":{"line":288,"column":24}},"loc":{"start":{"line":288,"column":69},"end":{"line":290,"column":1}},"line":288}},"branchMap":{"0":{"loc":{"start":{"line":24,"column":2},"end":{"line":51,"column":3}},"type":"if","locations":[{"start":{"line":24,"column":2},"end":{"line":51,"column":3}},{"start":{"line":26,"column":9},"end":{"line":51,"column":3}}],"line":24},"1":{"loc":{"start":{"line":26,"column":9},"end":{"line":51,"column":3}},"type":"if","locations":[{"start":{"line":26,"column":9},"end":{"line":51,"column":3}},{"start":{"line":34,"column":9},"end":{"line":51,"column":3}}],"line":26},"2":{"loc":{"start":{"line":27,"column":4},"end":{"line":30,"column":32}},"type":"binary-expr","locations":[{"start":{"line":27,"column":4},"end":{"line":27,"column":32}},{"start":{"line":28,"column":4},"end":{"line":28,"column":32}},{"start":{"line":29,"column":4},"end":{"line":29,"column":32}},{"start":{"line":30,"column":4},"end":{"line":30,"column":32}}],"line":27},"3":{"loc":{"start":{"line":34,"column":9},"end":{"line":51,"column":3}},"type":"if","locations":[{"start":{"line":34,"column":9},"end":{"line":51,"column":3}},{"start":{"line":36,"column":9},"end":{"line":51,"column":3}}],"line":34},"4":{"loc":{"start":{"line":36,"column":9},"end":{"line":51,"column":3}},"type":"if","locations":[{"start":{"line":36,"column":9},"end":{"line":51,"column":3}},{"start":{"line":49,"column":9},"end":{"line":51,"column":3}}],"line":36},"5":{"loc":{"start":{"line":37,"column":4},"end":{"line":40,"column":40}},"type":"binary-expr","locations":[{"start":{"line":37,"column":4},"end":{"line":37,"column":39}},{"start":{"line":38,"column":4},"end":{"line":38,"column":40}},{"start":{"line":39,"column":4},"end":{"line":39,"column":39}},{"start":{"line":40,"column":4},"end":{"line":40,"column":40}}],"line":37},"6":{"loc":{"start":{"line":70,"column":2},"end":{"line":90,"column":3}},"type":"if","locations":[{"start":{"line":70,"column":2},"end":{"line":90,"column":3}},{"start":{"line":72,"column":9},"end":{"line":90,"column":3}}],"line":70},"7":{"loc":{"start":{"line":72,"column":9},"end":{"line":90,"column":3}},"type":"if","locations":[{"start":{"line":72,"column":9},"end":{"line":90,"column":3}},{"start":{"line":77,"column":9},"end":{"line":90,"column":3}}],"line":72},"8":{"loc":{"start":{"line":73,"column":4},"end":{"line":74,"column":52}},"type":"binary-expr","locations":[{"start":{"line":73,"column":4},"end":{"line":73,"column":52}},{"start":{"line":74,"column":4},"end":{"line":74,"column":52}}],"line":73},"9":{"loc":{"start":{"line":77,"column":9},"end":{"line":90,"column":3}},"type":"if","locations":[{"start":{"line":77,"column":9},"end":{"line":90,"column":3}},{"start":{"line":85,"column":9},"end":{"line":90,"column":3}}],"line":77},"10":{"loc":{"start":{"line":78,"column":4},"end":{"line":81,"column":32}},"type":"binary-expr","locations":[{"start":{"line":78,"column":4},"end":{"line":78,"column":32}},{"start":{"line":79,"column":4},"end":{"line":79,"column":32}},{"start":{"line":80,"column":4},"end":{"line":80,"column":32}},{"start":{"line":81,"column":4},"end":{"line":81,"column":32}}],"line":78},"11":{"loc":{"start":{"line":95,"column":2},"end":{"line":97,"column":3}},"type":"if","locations":[{"start":{"line":95,"column":2},"end":{"line":97,"column":3}},{"start":{},"end":{}}],"line":95},"12":{"loc":{"start":{"line":98,"column":2},"end":{"line":113,"column":3}},"type":"switch","locations":[{"start":{"line":99,"column":4},"end":{"line":101,"column":11}},{"start":{"line":102,"column":4},"end":{"line":104,"column":11}},{"start":{"line":105,"column":4},"end":{"line":107,"column":11}},{"start":{"line":108,"column":4},"end":{"line":110,"column":11}},{"start":{"line":111,"column":4},"end":{"line":112,"column":12}}],"line":98},"13":{"loc":{"start":{"line":117,"column":2},"end":{"line":119,"column":3}},"type":"if","locations":[{"start":{"line":117,"column":2},"end":{"line":119,"column":3}},{"start":{},"end":{}}],"line":117},"14":{"loc":{"start":{"line":120,"column":2},"end":{"line":135,"column":3}},"type":"switch","locations":[{"start":{"line":121,"column":4},"end":{"line":123,"column":11}},{"start":{"line":124,"column":4},"end":{"line":126,"column":11}},{"start":{"line":127,"column":4},"end":{"line":129,"column":11}},{"start":{"line":130,"column":4},"end":{"line":132,"column":11}},{"start":{"line":133,"column":4},"end":{"line":134,"column":12}}],"line":120},"15":{"loc":{"start":{"line":144,"column":2},"end":{"line":257,"column":15}},"type":"if","locations":[{"start":{"line":144,"column":2},"end":{"line":257,"column":15}},{"start":{"line":146,"column":9},"end":{"line":257,"column":15}}],"line":144},"16":{"loc":{"start":{"line":146,"column":9},"end":{"line":257,"column":15}},"type":"if","locations":[{"start":{"line":146,"column":9},"end":{"line":257,"column":15}},{"start":{"line":257,"column":9},"end":{"line":257,"column":15}}],"line":146},"17":{"loc":{"start":{"line":146,"column":13},"end":{"line":146,"column":75}},"type":"binary-expr","locations":[{"start":{"line":146,"column":13},"end":{"line":146,"column":42}},{"start":{"line":146,"column":46},"end":{"line":146,"column":75}}],"line":146},"18":{"loc":{"start":{"line":147,"column":4},"end":{"line":256,"column":5}},"type":"switch","locations":[{"start":{"line":148,"column":6},"end":{"line":174,"column":13}},{"start":{"line":175,"column":6},"end":{"line":202,"column":13}},{"start":{"line":203,"column":6},"end":{"line":229,"column":13}},{"start":{"line":230,"column":6},"end":{"line":255,"column":13}}],"line":147},"19":{"loc":{"start":{"line":151,"column":8},"end":{"line":173,"column":9}},"type":"if","locations":[{"start":{"line":151,"column":8},"end":{"line":173,"column":9}},{"start":{"line":162,"column":15},"end":{"line":173,"column":9}}],"line":151},"20":{"loc":{"start":{"line":157,"column":10},"end":{"line":160,"column":11}},"type":"if","locations":[{"start":{"line":157,"column":10},"end":{"line":160,"column":11}},{"start":{},"end":{}}],"line":157},"21":{"loc":{"start":{"line":168,"column":10},"end":{"line":171,"column":11}},"type":"if","locations":[{"start":{"line":168,"column":10},"end":{"line":171,"column":11}},{"start":{},"end":{}}],"line":168},"22":{"loc":{"start":{"line":178,"column":10},"end":{"line":200,"column":11}},"type":"if","locations":[{"start":{"line":178,"column":10},"end":{"line":200,"column":11}},{"start":{"line":189,"column":17},"end":{"line":200,"column":11}}],"line":178},"23":{"loc":{"start":{"line":184,"column":12},"end":{"line":187,"column":13}},"type":"if","locations":[{"start":{"line":184,"column":12},"end":{"line":187,"column":13}},{"start":{},"end":{}}],"line":184},"24":{"loc":{"start":{"line":195,"column":12},"end":{"line":198,"column":13}},"type":"if","locations":[{"start":{"line":195,"column":12},"end":{"line":198,"column":13}},{"start":{},"end":{}}],"line":195},"25":{"loc":{"start":{"line":205,"column":8},"end":{"line":227,"column":9}},"type":"if","locations":[{"start":{"line":205,"column":8},"end":{"line":227,"column":9}},{"start":{"line":216,"column":15},"end":{"line":227,"column":9}}],"line":205},"26":{"loc":{"start":{"line":211,"column":10},"end":{"line":214,"column":11}},"type":"if","locations":[{"start":{"line":211,"column":10},"end":{"line":214,"column":11}},{"start":{},"end":{}}],"line":211},"27":{"loc":{"start":{"line":222,"column":10},"end":{"line":225,"column":11}},"type":"if","locations":[{"start":{"line":222,"column":10},"end":{"line":225,"column":11}},{"start":{},"end":{}}],"line":222},"28":{"loc":{"start":{"line":232,"column":8},"end":{"line":254,"column":9}},"type":"if","locations":[{"start":{"line":232,"column":8},"end":{"line":254,"column":9}},{"start":{"line":243,"column":15},"end":{"line":254,"column":9}}],"line":232},"29":{"loc":{"start":{"line":238,"column":10},"end":{"line":241,"column":11}},"type":"if","locations":[{"start":{"line":238,"column":10},"end":{"line":241,"column":11}},{"start":{},"end":{}}],"line":238},"30":{"loc":{"start":{"line":249,"column":10},"end":{"line":252,"column":11}},"type":"if","locations":[{"start":{"line":249,"column":10},"end":{"line":252,"column":11}},{"start":{},"end":{}}],"line":249},"31":{"loc":{"start":{"line":261,"column":2},"end":{"line":261,"column":29}},"type":"if","locations":[{"start":{"line":261,"column":2},"end":{"line":261,"column":29}},{"start":{},"end":{}}],"line":261},"32":{"loc":{"start":{"line":262,"column":2},"end":{"line":262,"column":76}},"type":"if","locations":[{"start":{"line":262,"column":2},"end":{"line":262,"column":76}},{"start":{},"end":{}}],"line":262},"33":{"loc":{"start":{"line":262,"column":6},"end":{"line":262,"column":68}},"type":"binary-expr","locations":[{"start":{"line":262,"column":6},"end":{"line":262,"column":35}},{"start":{"line":262,"column":39},"end":{"line":262,"column":68}}],"line":262}},"s":{"0":2,"1":2,"2":2,"3":0,"4":2,"5":0,"6":2,"7":0,"8":2,"9":2,"10":0,"11":4,"12":4,"13":4,"14":0,"15":4,"16":1,"17":3,"18":0,"19":3,"20":2,"21":0,"22":2,"23":0,"24":0,"25":1,"26":1,"27":1,"28":1,"29":0,"30":0,"31":0,"32":1,"33":0,"34":1,"35":1,"36":1,"37":0,"38":0,"39":0,"40":0,"41":0,"42":0,"43":0,"44":6,"45":0,"46":6,"47":6,"48":2,"49":2,"50":0,"51":0,"52":0,"53":0,"54":0,"55":0,"56":2,"57":2,"58":2,"59":1,"60":1,"61":1,"62":1,"63":0,"64":0,"65":0,"66":0,"67":0,"68":0,"69":0,"70":0,"71":0,"72":0,"73":0,"74":0,"75":0,"76":0,"77":0,"78":0,"79":0,"80":0,"81":0,"82":0,"83":0,"84":0,"85":0,"86":0,"87":0,"88":0,"89":0,"90":0,"91":0,"92":0,"93":4,"94":4,"95":1,"96":1,"97":1,"98":0,"99":0,"100":1,"101":3,"102":3,"103":3,"104":0,"105":0,"106":3,"107":4,"108":0,"109":2,"110":0,"111":2,"112":0,"113":2,"114":0,"115":0,"116":0,"117":0,"118":0,"119":0,"120":0,"121":17},"f":{"0":2,"1":4,"2":2,"3":1,"4":6,"5":2,"6":0,"7":17},"b":{"0":[0,2],"1":[0,2],"2":[2,2,2,2],"3":[0,2],"4":[2,0],"5":[2,1,1,1],"6":[0,4],"7":[1,3],"8":[4,2],"9":[0,3],"10":[3,3,3,3],"11":[0,2],"12":[0,1,1,0,0],"13":[0,1],"14":[1,0,0,0,0],"15":[0,6],"16":[6,0],"17":[6,6],"18":[2,0,0,4],"19":[0,2],"20":[0,0],"21":[1,1],"22":[0,0],"23":[0,0],"24":[0,0],"25":[0,0],"26":[0,0],"27":[0,0],"28":[1,3],"29":[0,1],"30":[0,3],"31":[0,2],"32":[0,2],"33":[2,2]},"_coverageSchema":"1a1c01bbd47fc00a2c39e90264f33305004495a9","hash":"3e9b95cb429185d4912b0ddba7536d137aacb874"}
,"/Users/balaguera/code-projects/challenges-and-tests/toy-robot-react-ts/src/store/store.ts": {"path":"/Users/balaguera/code-projects/challenges-and-tests/toy-robot-react-ts/src/store/store.ts","statementMap":{"0":{"start":{"line":5,"column":21},"end":{"line":9,"column":2}}},"fnMap":{},"branchMap":{},"s":{"0":1},"f":{},"b":{},"_coverageSchema":"1a1c01bbd47fc00a2c39e90264f33305004495a9","hash":"01daf2cadefc1b0542870c9c4d969c59fdef6332"}
,"/Users/balaguera/code-projects/challenges-and-tests/toy-robot-react-ts/src/utils/index.ts": {"path":"/Users/balaguera/code-projects/challenges-and-tests/toy-robot-react-ts/src/utils/index.ts","statementMap":{"0":{"start":{"line":15,"column":26},"end":{"line":41,"column":1}},"1":{"start":{"line":49,"column":2},"end":{"line":49,"column":40}},"2":{"start":{"line":58,"column":2},"end":{"line":62,"column":3}},"3":{"start":{"line":60,"column":6},"end":{"line":61,"column":65}},"4":{"start":{"line":61,"column":41},"end":{"line":61,"column":64}},"5":{"start":{"line":72,"column":2},"end":{"line":78,"column":3}},"6":{"start":{"line":73,"column":22},"end":{"line":73,"column":61}},"7":{"start":{"line":74,"column":27},"end":{"line":76,"column":5}},"8":{"start":{"line":75,"column":24},"end":{"line":75,"column":49}},"9":{"start":{"line":77,"column":4},"end":{"line":77,"column":30}},"10":{"start":{"line":77,"column":24},"end":{"line":77,"column":30}},"11":{"start":{"line":79,"column":2},"end":{"line":79,"column":30}},"12":{"start":{"line":80,"column":2},"end":{"line":80,"column":22}},"13":{"start":{"line":84,"column":25},"end":{"line":84,"column":51}},"14":{"start":{"line":85,"column":19},"end":{"line":85,"column":49}},"15":{"start":{"line":86,"column":2},"end":{"line":86,"column":17}},"16":{"start":{"line":95,"column":2},"end":{"line":182,"column":3}},"17":{"start":{"line":96,"column":4},"end":{"line":137,"column":5}},"18":{"start":{"line":99,"column":8},"end":{"line":106,"column":9}},"19":{"start":{"line":107,"column":8},"end":{"line":107,"column":13}},"20":{"start":{"line":111,"column":8},"end":{"line":116,"column":9}},"21":{"start":{"line":117,"column":8},"end":{"line":117,"column":13}},"22":{"start":{"line":124,"column":10},"end":{"line":128,"column":11}},"23":{"start":{"line":130,"column":8},"end":{"line":130,"column":13}},"24":{"start":{"line":133,"column":8},"end":{"line":133,"column":29}},"25":{"start":{"line":134,"column":8},"end":{"line":134,"column":13}},"26":{"start":{"line":136,"column":8},"end":{"line":136,"column":56}},"27":{"start":{"line":139,"column":4},"end":{"line":181,"column":5}},"28":{"start":{"line":142,"column":8},"end":{"line":149,"column":9}},"29":{"start":{"line":150,"column":8},"end":{"line":150,"column":13}},"30":{"start":{"line":153,"column":8},"end":{"line":158,"column":9}},"31":{"start":{"line":159,"column":8},"end":{"line":159,"column":13}},"32":{"start":{"line":162,"column":8},"end":{"line":162,"column":28}},"33":{"start":{"line":163,"column":8},"end":{"line":163,"column":13}},"34":{"start":{"line":165,"column":8},"end":{"line":165,"column":29}},"35":{"start":{"line":166,"column":8},"end":{"line":166,"column":13}},"36":{"start":{"line":169,"column":8},"end":{"line":169,"column":26}},"37":{"start":{"line":170,"column":8},"end":{"line":170,"column":13}},"38":{"start":{"line":173,"column":8},"end":{"line":173,"column":24}},"39":{"start":{"line":174,"column":8},"end":{"line":174,"column":13}},"40":{"start":{"line":177,"column":8},"end":{"line":177,"column":29}},"41":{"start":{"line":178,"column":8},"end":{"line":178,"column":13}},"42":{"start":{"line":180,"column":8},"end":{"line":180,"column":56}}},"fnMap":{"0":{"name":"compareArrays","decl":{"start":{"line":45,"column":9},"end":{"line":45,"column":22}},"loc":{"start":{"line":48,"column":11},"end":{"line":50,"column":1}},"line":48},"1":{"name":"checkIfArrayContainsArray","decl":{"start":{"line":54,"column":9},"end":{"line":54,"column":34}},"loc":{"start":{"line":57,"column":11},"end":{"line":63,"column":1}},"line":57},"2":{"name":"(anonymous_2)","decl":{"start":{"line":59,"column":4},"end":{"line":59,"column":5}},"loc":{"start":{"line":60,"column":6},"end":{"line":61,"column":65}},"line":60},"3":{"name":"(anonymous_3)","decl":{"start":{"line":61,"column":23},"end":{"line":61,"column":24}},"loc":{"start":{"line":61,"column":41},"end":{"line":61,"column":64}},"line":61},"4":{"name":"checkLastArray","decl":{"start":{"line":68,"column":9},"end":{"line":68,"column":23}},"loc":{"start":{"line":71,"column":20},"end":{"line":81,"column":1}},"line":71},"5":{"name":"(anonymous_5)","decl":{"start":{"line":75,"column":6},"end":{"line":75,"column":7}},"loc":{"start":{"line":75,"column":24},"end":{"line":75,"column":49}},"line":75},"6":{"name":"processInput","decl":{"start":{"line":83,"column":9},"end":{"line":83,"column":21}},"loc":{"start":{"line":83,"column":58},"end":{"line":87,"column":1}},"line":83},"7":{"name":"submitForm","decl":{"start":{"line":90,"column":9},"end":{"line":90,"column":19}},"loc":{"start":{"line":94,"column":8},"end":{"line":183,"column":1}},"line":94}},"branchMap":{"0":{"loc":{"start":{"line":60,"column":6},"end":{"line":61,"column":65}},"type":"binary-expr","locations":[{"start":{"line":60,"column":6},"end":{"line":60,"column":41}},{"start":{"line":61,"column":6},"end":{"line":61,"column":65}}],"line":60},"1":{"loc":{"start":{"line":72,"column":2},"end":{"line":78,"column":3}},"type":"if","locations":[{"start":{"line":72,"column":2},"end":{"line":78,"column":3}},{"start":{},"end":{}}],"line":72},"2":{"loc":{"start":{"line":77,"column":4},"end":{"line":77,"column":30}},"type":"if","locations":[{"start":{"line":77,"column":4},"end":{"line":77,"column":30}},{"start":{},"end":{}}],"line":77},"3":{"loc":{"start":{"line":95,"column":2},"end":{"line":182,"column":3}},"type":"if","locations":[{"start":{"line":95,"column":2},"end":{"line":182,"column":3}},{"start":{"line":138,"column":9},"end":{"line":182,"column":3}}],"line":95},"4":{"loc":{"start":{"line":96,"column":4},"end":{"line":137,"column":5}},"type":"switch","locations":[{"start":{"line":97,"column":6},"end":{"line":107,"column":13}},{"start":{"line":109,"column":6},"end":{"line":117,"column":13}},{"start":{"line":119,"column":6},"end":{"line":119,"column":18}},{"start":{"line":120,"column":6},"end":{"line":120,"column":19}},{"start":{"line":121,"column":6},"end":{"line":121,"column":20}},{"start":{"line":122,"column":6},"end":{"line":130,"column":13}},{"start":{"line":132,"column":6},"end":{"line":134,"column":13}},{"start":{"line":135,"column":6},"end":{"line":136,"column":56}}],"line":96},"5":{"loc":{"start":{"line":139,"column":4},"end":{"line":181,"column":5}},"type":"switch","locations":[{"start":{"line":141,"column":6},"end":{"line":150,"column":13}},{"start":{"line":152,"column":6},"end":{"line":159,"column":13}},{"start":{"line":161,"column":6},"end":{"line":163,"column":13}},{"start":{"line":164,"column":6},"end":{"line":166,"column":13}},{"start":{"line":168,"column":6},"end":{"line":170,"column":13}},{"start":{"line":172,"column":6},"end":{"line":174,"column":13}},{"start":{"line":176,"column":6},"end":{"line":178,"column":13}},{"start":{"line":179,"column":6},"end":{"line":180,"column":56}}],"line":139}},"s":{"0":1,"1":36,"2":12,"3":14,"4":18,"5":0,"6":0,"7":0,"8":0,"9":0,"10":0,"11":0,"12":0,"13":17,"14":17,"15":17,"16":17,"17":1,"18":1,"19":1,"20":0,"21":0,"22":0,"23":0,"24":0,"25":0,"26":0,"27":16,"28":1,"29":1,"30":4,"31":4,"32":2,"33":2,"34":1,"35":1,"36":2,"37":2,"38":6,"39":6,"40":0,"41":0,"42":0},"f":{"0":36,"1":12,"2":14,"3":18,"4":0,"5":0,"6":17,"7":17},"b":{"0":[14,14],"1":[0,0],"2":[0,0],"3":[1,16],"4":[1,0,0,0,0,0,0,0],"5":[1,4,2,1,2,6,0,0]},"_coverageSchema":"1a1c01bbd47fc00a2c39e90264f33305004495a9","hash":"fb94887bf7aeb79a61a1deff1248f47170c23bad"}
}
