TN:
SF:src/components/game/GameForm.tsx
FN:15,GameForm
FN:16,(anonymous_1)
FN:22,(anonymous_2)
FN:25,(anonymous_3)
FN:35,handleSubmit
FN:57,(anonymous_5)
FNF:6
FNH:6
FNDA:36,GameForm
FNDA:58,(anonymous_1)
FNDA:58,(anonymous_2)
FNDA:5,(anonymous_3)
FNDA:17,handleSubmit
FNDA:17,(anonymous_5)
DA:16,58
DA:18,36
DA:20,36
DA:22,58
DA:23,36
DA:25,36
DA:26,5
DA:27,0
DA:36,17
DA:38,17
DA:39,17
DA:40,17
DA:41,17
DA:43,17
DA:45,17
DA:48,36
DA:57,17
LF:17
LH:16
BRDA:26,0,0,0
BRDA:26,0,1,5
BRF:2
BRH:1
end_of_record
TN:
SF:src/components/ui/Button.tsx
FN:11,Button
FNF:1
FNH:1
FNDA:36,Button
DA:12,36
DA:13,36
LF:2
LH:2
BRF:0
BRH:0
end_of_record
TN:
SF:src/components/ui/Input.tsx
FN:9,Input
FNF:1
FNH:1
FNDA:36,Input
DA:10,36
LF:1
LH:1
BRF:0
BRH:0
end_of_record
TN:
SF:src/store/game-slice.ts
FNF:0
FNH:0
DA:40,1
DA:51,1
DA:83,1
LF:3
LH:3
BRF:0
BRH:0
end_of_record
TN:
SF:src/store/hooks.ts
FNF:0
FNH:0
DA:12,1
DA:14,1
LF:2
LH:2
BRF:0
BRH:0
end_of_record
TN:
SF:src/store/reducers.ts
FN:7,placeRobotOnBoard
FN:55,placeWallOnBoard
FN:94,turnRobotLeft
FN:116,turnRobotRight
FN:139,moveRobot
FN:259,reportRobot
FN:277,resetRobotGame
FN:287,addErrorMessage
FNF:8
FNH:7
FNDA:2,placeRobotOnBoard
FNDA:4,placeWallOnBoard
FNDA:2,turnRobotLeft
FNDA:1,turnRobotRight
FNDA:6,moveRobot
FNDA:2,reportRobot
FNDA:0,resetRobotGame
FNDA:17,addErrorMessage
DA:16,2
DA:20,2
DA:24,2
DA:25,0
DA:26,2
DA:32,0
DA:34,2
DA:35,0
DA:36,2
DA:42,2
DA:50,0
DA:62,4
DA:66,4
DA:70,4
DA:71,0
DA:72,4
DA:76,1
DA:77,3
DA:83,0
DA:86,3
DA:95,2
DA:96,0
DA:98,2
DA:100,0
DA:101,0
DA:103,1
DA:104,1
DA:106,1
DA:107,1
DA:109,0
DA:110,0
DA:112,0
DA:117,1
DA:118,0
DA:120,1
DA:122,1
DA:123,1
DA:125,0
DA:126,0
DA:128,0
DA:129,0
DA:131,0
DA:132,0
DA:134,0
DA:143,6
DA:144,0
DA:145,6
DA:146,6
DA:148,2
DA:150,2
DA:151,0
DA:152,0
DA:156,0
DA:157,0
DA:158,0
DA:160,0
DA:162,2
DA:163,2
DA:167,2
DA:168,1
DA:169,1
DA:171,1
DA:173,1
DA:175,0
DA:177,0
DA:178,0
DA:179,0
DA:183,0
DA:184,0
DA:185,0
DA:187,0
DA:189,0
DA:190,0
DA:194,0
DA:195,0
DA:196,0
DA:198,0
DA:201,0
DA:203,0
DA:204,0
DA:205,0
DA:206,0
DA:210,0
DA:211,0
DA:212,0
DA:214,0
DA:216,0
DA:217,0
DA:221,0
DA:222,0
DA:223,0
DA:225,0
DA:228,0
DA:230,4
DA:231,4
DA:232,1
DA:233,1
DA:237,1
DA:238,0
DA:239,0
DA:241,1
DA:243,3
DA:244,3
DA:248,3
DA:249,0
DA:250,0
DA:252,3
DA:254,4
DA:256,0
DA:260,2
DA:261,2
DA:263,2
DA:278,0
DA:279,0
DA:280,0
DA:281,0
DA:282,0
DA:283,0
DA:284,0
DA:288,17
LF:120
LH:51
BRDA:24,0,0,0
BRDA:24,0,1,2
BRDA:26,1,0,0
BRDA:26,1,1,2
BRDA:27,2,0,2
BRDA:27,2,1,2
BRDA:27,2,2,2
BRDA:27,2,3,2
BRDA:34,3,0,0
BRDA:34,3,1,2
BRDA:36,4,0,2
BRDA:36,4,1,0
BRDA:37,5,0,2
BRDA:37,5,1,1
BRDA:37,5,2,1
BRDA:37,5,3,1
BRDA:70,6,0,0
BRDA:70,6,1,4
BRDA:72,7,0,1
BRDA:72,7,1,3
BRDA:73,8,0,4
BRDA:73,8,1,2
BRDA:77,9,0,0
BRDA:77,9,1,3
BRDA:78,10,0,3
BRDA:78,10,1,3
BRDA:78,10,2,3
BRDA:78,10,3,3
BRDA:95,11,0,0
BRDA:95,11,1,2
BRDA:98,12,0,0
BRDA:98,12,1,1
BRDA:98,12,2,1
BRDA:98,12,3,0
BRDA:98,12,4,0
BRDA:117,13,0,0
BRDA:117,13,1,1
BRDA:120,14,0,1
BRDA:120,14,1,0
BRDA:120,14,2,0
BRDA:120,14,3,0
BRDA:120,14,4,0
BRDA:143,15,0,0
BRDA:143,15,1,6
BRDA:145,16,0,6
BRDA:145,16,1,0
BRDA:145,17,0,6
BRDA:145,17,1,6
BRDA:146,18,0,2
BRDA:146,18,1,0
BRDA:146,18,2,0
BRDA:146,18,3,4
BRDA:150,19,0,0
BRDA:150,19,1,2
BRDA:156,20,0,0
BRDA:156,20,1,0
BRDA:167,21,0,1
BRDA:167,21,1,1
BRDA:177,22,0,0
BRDA:177,22,1,0
BRDA:183,23,0,0
BRDA:183,23,1,0
BRDA:194,24,0,0
BRDA:194,24,1,0
BRDA:204,25,0,0
BRDA:204,25,1,0
BRDA:210,26,0,0
BRDA:210,26,1,0
BRDA:221,27,0,0
BRDA:221,27,1,0
BRDA:231,28,0,1
BRDA:231,28,1,3
BRDA:237,29,0,0
BRDA:237,29,1,1
BRDA:248,30,0,0
BRDA:248,30,1,3
BRDA:260,31,0,0
BRDA:260,31,1,2
BRDA:261,32,0,0
BRDA:261,32,1,2
BRDA:261,33,0,2
BRDA:261,33,1,2
BRF:82
BRH:44
end_of_record
TN:
SF:src/store/store.ts
FNF:0
FNH:0
DA:5,1
LF:1
LH:1
BRF:0
BRH:0
end_of_record
TN:
SF:src/utils/index.ts
FN:45,compareArrays
FN:54,checkIfArrayContainsArray
FN:59,(anonymous_2)
FN:61,(anonymous_3)
FN:68,checkLastArray
FN:75,(anonymous_5)
FN:83,processInput
FN:90,submitForm
FNF:8
FNH:6
FNDA:36,compareArrays
FNDA:12,checkIfArrayContainsArray
FNDA:14,(anonymous_2)
FNDA:18,(anonymous_3)
FNDA:0,checkLastArray
FNDA:0,(anonymous_5)
FNDA:17,processInput
FNDA:17,submitForm
DA:15,1
DA:49,36
DA:58,12
DA:60,14
DA:61,18
DA:72,0
DA:73,0
DA:74,0
DA:75,0
DA:77,0
DA:79,0
DA:80,0
DA:84,17
DA:85,17
DA:86,17
DA:95,17
DA:96,1
DA:98,1
DA:99,0
DA:100,0
DA:102,1
DA:110,1
DA:113,0
DA:114,0
DA:115,0
DA:117,0
DA:123,0
DA:130,0
DA:136,0
DA:139,0
DA:140,0
DA:142,0
DA:145,16
DA:147,1
DA:148,0
DA:149,0
DA:151,1
DA:159,1
DA:162,4
DA:163,0
DA:164,0
DA:166,4
DA:172,4
DA:175,2
DA:176,2
DA:178,1
DA:179,1
DA:182,2
DA:183,2
DA:186,6
DA:187,6
DA:190,0
DA:191,0
DA:193,0
LF:54
LH:28
BRDA:60,0,0,14
BRDA:60,0,1,14
BRDA:72,1,0,0
BRDA:72,1,1,0
BRDA:77,2,0,0
BRDA:77,2,1,0
BRDA:95,3,0,1
BRDA:95,3,1,16
BRDA:96,4,0,1
BRDA:96,4,1,0
BRDA:96,4,2,0
BRDA:96,4,3,0
BRDA:96,4,4,0
BRDA:96,4,5,0
BRDA:96,4,6,0
BRDA:96,4,7,0
BRDA:98,5,0,0
BRDA:98,5,1,1
BRDA:113,6,0,0
BRDA:113,6,1,0
BRDA:145,7,0,1
BRDA:145,7,1,4
BRDA:145,7,2,2
BRDA:145,7,3,1
BRDA:145,7,4,2
BRDA:145,7,5,6
BRDA:145,7,6,0
BRDA:145,7,7,0
BRDA:147,8,0,0
BRDA:147,8,1,1
BRDA:162,9,0,0
BRDA:162,9,1,4
BRF:32
BRH:14
end_of_record
TN:
SF:src/utils/test-utils.ts
FN:4,enterInput
FN:11,pressEnter
FN:20,clickSubmitButton
FN:31,enterInputClickButton
FNF:4
FNH:3
FNDA:17,enterInput
FNDA:0,pressEnter
FNDA:17,clickSubmitButton
FNDA:17,enterInputClickButton
DA:5,17
DA:12,0
DA:21,17
DA:36,17
DA:37,17
LF:5
LH:4
BRF:0
BRH:0
end_of_record
